Performing C SOURCE FILE Test CMAKE_HAVE_LIBC_PTHREAD failed with the following output:
Change Dir: /home/acs2/ting/workspace/.trash-sync-pycharm/nwesem..mtcnn_facenet_cpp_tensorRT/mtcnn_facenet_cpp_tensorRT/build/CMakeFiles/CMakeTmp

Run Build Command(s):/usr/bin/make -f Makefile cmTC_60a5f/fast && /usr/bin/make  -f CMakeFiles/cmTC_60a5f.dir/build.make CMakeFiles/cmTC_60a5f.dir/build
make[1]: Entering directory '/home/acs2/ting/workspace/.trash-sync-pycharm/nwesem..mtcnn_facenet_cpp_tensorRT/mtcnn_facenet_cpp_tensorRT/build/CMakeFiles/CMakeTmp'
Building C object CMakeFiles/cmTC_60a5f.dir/src.c.o
/usr/bin/cc -DCMAKE_HAVE_LIBC_PTHREAD  -fPIC  -o CMakeFiles/cmTC_60a5f.dir/src.c.o -c /home/acs2/ting/workspace/.trash-sync-pycharm/nwesem..mtcnn_facenet_cpp_tensorRT/mtcnn_facenet_cpp_tensorRT/build/CMakeFiles/CMakeTmp/src.c
Linking C executable cmTC_60a5f
/opt/cmake-3.21.1-linux-aarch64/bin/cmake -E cmake_link_script CMakeFiles/cmTC_60a5f.dir/link.txt --verbose=1
/usr/bin/cc -fPIC  CMakeFiles/cmTC_60a5f.dir/src.c.o -o cmTC_60a5f 
CMakeFiles/cmTC_60a5f.dir/src.c.o: In function `main':
src.c:(.text+0x48): undefined reference to `pthread_create'
src.c:(.text+0x50): undefined reference to `pthread_detach'
src.c:(.text+0x58): undefined reference to `pthread_cancel'
src.c:(.text+0x64): undefined reference to `pthread_join'
src.c:(.text+0x74): undefined reference to `pthread_atfork'
collect2: error: ld returned 1 exit status
CMakeFiles/cmTC_60a5f.dir/build.make:98: recipe for target 'cmTC_60a5f' failed
make[1]: *** [cmTC_60a5f] Error 1
make[1]: Leaving directory '/home/acs2/ting/workspace/.trash-sync-pycharm/nwesem..mtcnn_facenet_cpp_tensorRT/mtcnn_facenet_cpp_tensorRT/build/CMakeFiles/CMakeTmp'
Makefile:127: recipe for target 'cmTC_60a5f/fast' failed
make: *** [cmTC_60a5f/fast] Error 2


Source file was:
#include <pthread.h>

static void* test_func(void* data)
{
  return data;
}

int main(void)
{
  pthread_t thread;
  pthread_create(&thread, NULL, test_func, NULL);
  pthread_detach(thread);
  pthread_cancel(thread);
  pthread_join(thread, NULL);
  pthread_atfork(NULL, NULL, NULL);
  pthread_exit(NULL);

  return 0;
}

Determining if the function pthread_create exists in the pthreads failed with the following output:
Change Dir: /home/acs2/ting/workspace/.trash-sync-pycharm/nwesem..mtcnn_facenet_cpp_tensorRT/mtcnn_facenet_cpp_tensorRT/build/CMakeFiles/CMakeTmp

Run Build Command(s):/usr/bin/make -f Makefile cmTC_b07c9/fast && /usr/bin/make  -f CMakeFiles/cmTC_b07c9.dir/build.make CMakeFiles/cmTC_b07c9.dir/build
make[1]: Entering directory '/home/acs2/ting/workspace/.trash-sync-pycharm/nwesem..mtcnn_facenet_cpp_tensorRT/mtcnn_facenet_cpp_tensorRT/build/CMakeFiles/CMakeTmp'
Building C object CMakeFiles/cmTC_b07c9.dir/CheckFunctionExists.c.o
/usr/bin/cc   -fPIC -DCHECK_FUNCTION_EXISTS=pthread_create -o CMakeFiles/cmTC_b07c9.dir/CheckFunctionExists.c.o -c /opt/cmake-3.21.1-linux-aarch64/share/cmake-3.21/Modules/CheckFunctionExists.c
Linking C executable cmTC_b07c9
/opt/cmake-3.21.1-linux-aarch64/bin/cmake -E cmake_link_script CMakeFiles/cmTC_b07c9.dir/link.txt --verbose=1
/usr/bin/cc -fPIC -DCHECK_FUNCTION_EXISTS=pthread_create CMakeFiles/cmTC_b07c9.dir/CheckFunctionExists.c.o -o cmTC_b07c9  -lpthreads 
/usr/bin/ld: cannot find -lpthreads
collect2: error: ld returned 1 exit status
CMakeFiles/cmTC_b07c9.dir/build.make:98: recipe for target 'cmTC_b07c9' failed
make[1]: *** [cmTC_b07c9] Error 1
make[1]: Leaving directory '/home/acs2/ting/workspace/.trash-sync-pycharm/nwesem..mtcnn_facenet_cpp_tensorRT/mtcnn_facenet_cpp_tensorRT/build/CMakeFiles/CMakeTmp'
Makefile:127: recipe for target 'cmTC_b07c9/fast' failed
make: *** [cmTC_b07c9/fast] Error 2



